{"C:\\Users\\а733\\OneDrive\\Рабочий стол\\домашки\\regular expressions\\src\\index.js": {"path":"C:\\Users\\а733\\OneDrive\\Рабочий стол\\домашки\\regular expressions\\src\\index.js","statementMap":{"0":{"start":{"line":3,"column":8},"end":{"line":3,"column":25}},"1":{"start":{"line":6,"column":20},"end":{"line":6,"column":72}},"2":{"start":{"line":7,"column":8},"end":{"line":7,"column":34}}},"fnMap":{"0":{"name":"(anonymous_0)","decl":{"start":{"line":2,"column":4},"end":{"line":2,"column":5}},"loc":{"start":{"line":2,"column":22},"end":{"line":4,"column":5}},"line":2},"1":{"name":"(anonymous_1)","decl":{"start":{"line":5,"column":4},"end":{"line":5,"column":5}},"loc":{"start":{"line":5,"column":23},"end":{"line":8,"column":5}},"line":5}},"branchMap":{},"s":{"0":12,"1":12,"2":12},"f":{"0":12,"1":12},"b":{},"_coverageSchema":"1a1c01bbd47fc00a2c39e90264f33305004495a9","hash":"4c347d4a91e6eb127b6148ae04451fb4cb8b684f"}
,"C:\\Users\\а733\\OneDrive\\Рабочий стол\\домашки\\regular expressions\\src\\phone_validator.js": {"path":"C:\\Users\\а733\\OneDrive\\Рабочий стол\\домашки\\regular expressions\\src\\phone_validator.js","statementMap":{"0":{"start":{"line":1,"column":29},"end":{"line":17,"column":1}},"1":{"start":{"line":2,"column":17},"end":{"line":2,"column":54}},"2":{"start":{"line":3,"column":15},"end":{"line":8,"column":5}},"3":{"start":{"line":10,"column":4},"end":{"line":15,"column":5}},"4":{"start":{"line":11,"column":8},"end":{"line":14,"column":9}},"5":{"start":{"line":12,"column":12},"end":{"line":12,"column":72}},"6":{"start":{"line":13,"column":12},"end":{"line":13,"column":95}},"7":{"start":{"line":16,"column":4},"end":{"line":16,"column":17}}},"fnMap":{"0":{"name":"(anonymous_0)","decl":{"start":{"line":1,"column":29},"end":{"line":1,"column":30}},"loc":{"start":{"line":1,"column":41},"end":{"line":17,"column":1}},"line":1}},"branchMap":{"0":{"loc":{"start":{"line":11,"column":8},"end":{"line":14,"column":9}},"type":"if","locations":[{"start":{"line":11,"column":8},"end":{"line":14,"column":9}},{"start":{},"end":{}}],"line":11},"1":{"loc":{"start":{"line":12,"column":12},"end":{"line":12,"column":71}},"type":"cond-expr","locations":[{"start":{"line":12,"column":32},"end":{"line":12,"column":47}},{"start":{"line":12,"column":50},"end":{"line":12,"column":71}}],"line":12}},"s":{"0":1,"1":5,"2":5,"3":5,"4":12,"5":4,"6":4,"7":1},"f":{"0":5},"b":{"0":[4,8],"1":[2,2]},"_coverageSchema":"1a1c01bbd47fc00a2c39e90264f33305004495a9","hash":"6f3e5d0438eb796d838a34947d858bb11c37f363"}
}
